Determining if the pthread_create exist failed with the following output:
Change Dir: /home/vagrant/workspace/ut/2015-soft3/20150930/build/beginner_tutorials/CMakeFiles/CMakeTmp

Run Build Command:/usr/bin/make "cmTryCompileExec3955041955/fast"
/usr/bin/make -f CMakeFiles/cmTryCompileExec3955041955.dir/build.make CMakeFiles/cmTryCompileExec3955041955.dir/build
make[1]: Entering directory `/home/vagrant/workspace/ut/2015-soft3/20150930/build/beginner_tutorials/CMakeFiles/CMakeTmp'
/usr/bin/cmake -E cmake_progress_report /home/vagrant/workspace/ut/2015-soft3/20150930/build/beginner_tutorials/CMakeFiles/CMakeTmp/CMakeFiles 1
Building C object CMakeFiles/cmTryCompileExec3955041955.dir/CheckSymbolExists.c.o
/usr/bin/cc    -o CMakeFiles/cmTryCompileExec3955041955.dir/CheckSymbolExists.c.o   -c /home/vagrant/workspace/ut/2015-soft3/20150930/build/beginner_tutorials/CMakeFiles/CMakeTmp/CheckSymbolExists.c
Linking C executable cmTryCompileExec3955041955
/usr/bin/cmake -E cmake_link_script CMakeFiles/cmTryCompileExec3955041955.dir/link.txt --verbose=1
/usr/bin/cc       CMakeFiles/cmTryCompileExec3955041955.dir/CheckSymbolExists.c.o  -o cmTryCompileExec3955041955 -rdynamic 
CMakeFiles/cmTryCompileExec3955041955.dir/CheckSymbolExists.c.o: In function `main':
CheckSymbolExists.c:(.text+0x16): undefined reference to `pthread_create'
collect2: error: ld returned 1 exit status
make[1]: *** [cmTryCompileExec3955041955] Error 1
make[1]: Leaving directory `/home/vagrant/workspace/ut/2015-soft3/20150930/build/beginner_tutorials/CMakeFiles/CMakeTmp'
make: *** [cmTryCompileExec3955041955/fast] Error 2

File /home/vagrant/workspace/ut/2015-soft3/20150930/build/beginner_tutorials/CMakeFiles/CMakeTmp/CheckSymbolExists.c:
/* */
#include <pthread.h>

int main(int argc, char** argv)
{
  (void)argv;
#ifndef pthread_create
  return ((int*)(&pthread_create))[argc];
#else
  (void)argc;
  return 0;
#endif
}

Determining if the function pthread_create exists in the pthreads failed with the following output:
Change Dir: /home/vagrant/workspace/ut/2015-soft3/20150930/build/beginner_tutorials/CMakeFiles/CMakeTmp

Run Build Command:/usr/bin/make "cmTryCompileExec3368020991/fast"
/usr/bin/make -f CMakeFiles/cmTryCompileExec3368020991.dir/build.make CMakeFiles/cmTryCompileExec3368020991.dir/build
make[1]: Entering directory `/home/vagrant/workspace/ut/2015-soft3/20150930/build/beginner_tutorials/CMakeFiles/CMakeTmp'
/usr/bin/cmake -E cmake_progress_report /home/vagrant/workspace/ut/2015-soft3/20150930/build/beginner_tutorials/CMakeFiles/CMakeTmp/CMakeFiles 1
Building C object CMakeFiles/cmTryCompileExec3368020991.dir/CheckFunctionExists.c.o
/usr/bin/cc   -DCHECK_FUNCTION_EXISTS=pthread_create   -o CMakeFiles/cmTryCompileExec3368020991.dir/CheckFunctionExists.c.o   -c /usr/share/cmake-2.8/Modules/CheckFunctionExists.c
Linking C executable cmTryCompileExec3368020991
/usr/bin/cmake -E cmake_link_script CMakeFiles/cmTryCompileExec3368020991.dir/link.txt --verbose=1
/usr/bin/cc   -DCHECK_FUNCTION_EXISTS=pthread_create    CMakeFiles/cmTryCompileExec3368020991.dir/CheckFunctionExists.c.o  -o cmTryCompileExec3368020991 -rdynamic -lpthreads 
/usr/bin/ld: cannot find -lpthreads
collect2: error: ld returned 1 exit status
make[1]: *** [cmTryCompileExec3368020991] Error 1
make[1]: Leaving directory `/home/vagrant/workspace/ut/2015-soft3/20150930/build/beginner_tutorials/CMakeFiles/CMakeTmp'
make: *** [cmTryCompileExec3368020991/fast] Error 2


