Determining if the pthread_create exist failed with the following output:
Change Dir: /home/vagrant/workspace/ut/2015-soft3/20151007/build/beginner_tutorials/CMakeFiles/CMakeTmp

Run Build Command:/usr/bin/make "cmTryCompileExec2623938608/fast"
make: Warning: File `Makefile' has modification time 0.55 s in the future
/usr/bin/make -f CMakeFiles/cmTryCompileExec2623938608.dir/build.make CMakeFiles/cmTryCompileExec2623938608.dir/build
make[1]: Entering directory `/home/vagrant/workspace/ut/2015-soft3/20151007/build/beginner_tutorials/CMakeFiles/CMakeTmp'
make[1]: Warning: File `CMakeFiles/cmTryCompileExec2623938608.dir/flags.make' has modification time 0.54 s in the future
/usr/bin/cmake -E cmake_progress_report /home/vagrant/workspace/ut/2015-soft3/20151007/build/beginner_tutorials/CMakeFiles/CMakeTmp/CMakeFiles 1
Building C object CMakeFiles/cmTryCompileExec2623938608.dir/CheckSymbolExists.c.o
/usr/bin/cc    -o CMakeFiles/cmTryCompileExec2623938608.dir/CheckSymbolExists.c.o   -c /home/vagrant/workspace/ut/2015-soft3/20151007/build/beginner_tutorials/CMakeFiles/CMakeTmp/CheckSymbolExists.c
Linking C executable cmTryCompileExec2623938608
/usr/bin/cmake -E cmake_link_script CMakeFiles/cmTryCompileExec2623938608.dir/link.txt --verbose=1
/usr/bin/cc       CMakeFiles/cmTryCompileExec2623938608.dir/CheckSymbolExists.c.o  -o cmTryCompileExec2623938608 -rdynamic 
CMakeFiles/cmTryCompileExec2623938608.dir/CheckSymbolExists.c.o: In function `main':
CheckSymbolExists.c:(.text+0x16): undefined reference to `pthread_create'
collect2: error: ld returned 1 exit status
make[1]: *** [cmTryCompileExec2623938608] Error 1
make[1]: Leaving directory `/home/vagrant/workspace/ut/2015-soft3/20151007/build/beginner_tutorials/CMakeFiles/CMakeTmp'
make: *** [cmTryCompileExec2623938608/fast] Error 2

File /home/vagrant/workspace/ut/2015-soft3/20151007/build/beginner_tutorials/CMakeFiles/CMakeTmp/CheckSymbolExists.c:
/* */
#include <pthread.h>

int main(int argc, char** argv)
{
  (void)argv;
#ifndef pthread_create
  return ((int*)(&pthread_create))[argc];
#else
  (void)argc;
  return 0;
#endif
}

Determining if the function pthread_create exists in the pthreads failed with the following output:
Change Dir: /home/vagrant/workspace/ut/2015-soft3/20151007/build/beginner_tutorials/CMakeFiles/CMakeTmp

Run Build Command:/usr/bin/make "cmTryCompileExec2394402293/fast"
make: Warning: File `Makefile' has modification time 0.16 s in the future
/usr/bin/make -f CMakeFiles/cmTryCompileExec2394402293.dir/build.make CMakeFiles/cmTryCompileExec2394402293.dir/build
make[1]: Entering directory `/home/vagrant/workspace/ut/2015-soft3/20151007/build/beginner_tutorials/CMakeFiles/CMakeTmp'
make[1]: Warning: File `CMakeFiles/cmTryCompileExec2394402293.dir/flags.make' has modification time 0.15 s in the future
/usr/bin/cmake -E cmake_progress_report /home/vagrant/workspace/ut/2015-soft3/20151007/build/beginner_tutorials/CMakeFiles/CMakeTmp/CMakeFiles 1
Building C object CMakeFiles/cmTryCompileExec2394402293.dir/CheckFunctionExists.c.o
/usr/bin/cc   -DCHECK_FUNCTION_EXISTS=pthread_create   -o CMakeFiles/cmTryCompileExec2394402293.dir/CheckFunctionExists.c.o   -c /usr/share/cmake-2.8/Modules/CheckFunctionExists.c
Linking C executable cmTryCompileExec2394402293
/usr/bin/cmake -E cmake_link_script CMakeFiles/cmTryCompileExec2394402293.dir/link.txt --verbose=1
/usr/bin/cc   -DCHECK_FUNCTION_EXISTS=pthread_create    CMakeFiles/cmTryCompileExec2394402293.dir/CheckFunctionExists.c.o  -o cmTryCompileExec2394402293 -rdynamic -lpthreads 
/usr/bin/ld: cannot find -lpthreads
collect2: error: ld returned 1 exit status
make[1]: *** [cmTryCompileExec2394402293] Error 1
make[1]: Leaving directory `/home/vagrant/workspace/ut/2015-soft3/20151007/build/beginner_tutorials/CMakeFiles/CMakeTmp'
make: *** [cmTryCompileExec2394402293/fast] Error 2


